<?xml version="1.0" encoding="UTF-8"?>
<testsuite xmlns:xsi="http://www.w3.org/2001/XMLSchema-instance" xsi:noNamespaceSchemaLocation="https://maven.apache.org/surefire/maven-surefire-plugin/xsd/surefire-test-report.xsd" name="DefaultNodesModelTest" time="0.235" tests="11" errors="0" skipped="0" failures="0">
  <properties>
[...]
</properties>
  <testcase name="deleteNoteShouldNotFailWhenDeletingNonExistingNote" classname="DefaultNodesModelTest" time="0.185"/>
  <testcase name="OnlyNotesWithEqualTitleAndDataShouldBeEqual" classname="DefaultNodesModelTest" time="0.003"/>
  <testcase name="whenUpdatingWithEmptyGetAllNotesShouldReturnEmpty" classname="DefaultNodesModelTest" time="0.001"/>
  <testcase name="givenTwoEqualNotesBothShouldBePresent" classname="DefaultNodesModelTest" time="0.012"/>
  <testcase name="getAllNotesShouldReturnAllTheNotes" classname="DefaultNodesModelTest" time="0.003"/>
  <testcase name="whenNoSuchNoteGetNoteByTitleShouldReturnNull" classname="DefaultNodesModelTest" time="0.003"/>
  <testcase name="afterAddNotesSizeShouldNotBeZero" classname="DefaultNodesModelTest" time="0.002"/>
  <testcase name="saveFileShouldExist" classname="DefaultNodesModelTest" time="0.002"/>
  <testcase name="deleteNoteShouldDeleteOnlyGivenNote" classname="DefaultNodesModelTest" time="0.002"/>
  <testcase name="afterUpdateNotesShouldHaveOnlyGivenNotes" classname="DefaultNodesModelTest" time="0.006"/>
  <testcase name="getNoteByTitleShouldReturnCorrectNote" classname="DefaultNodesModelTest" time="0.004"/>
</testsuite>